  Source.cpp
c:\users\stein\desktop\research project 2020\neural networks\classifyfrequencyarray\classifyfrequencyarray\graphic.h(1): warning C4067: unexpected tokens following preprocessor directive - expected a newline
Source.obj : error LNK2019: unresolved external symbol "public: __cdecl data_handler<float>::data_handler<float>(void)" (??0?$data_handler@M@@QEAA@XZ) referenced in function main
Source.obj : error LNK2019: unresolved external symbol "public: void __cdecl data_handler<float>::read_feature_vector(class std::basic_string<char,struct std::char_traits<char>,class std::allocator<char> >)" (?read_feature_vector@?$data_handler@M@@QEAAXV?$basic_string@DU?$char_traits@D@std@@V?$allocator@D@2@@std@@@Z) referenced in function main
Source.obj : error LNK2019: unresolved external symbol "public: void __cdecl data_handler<float>::read_feature_labels(class std::basic_string<char,struct std::char_traits<char>,class std::allocator<char> >)" (?read_feature_labels@?$data_handler@M@@QEAAXV?$basic_string@DU?$char_traits@D@std@@V?$allocator@D@2@@std@@@Z) referenced in function main
Source.obj : error LNK2019: unresolved external symbol "public: void __cdecl data_handler<float>::read_predict_feature_vector(class std::basic_string<char,struct std::char_traits<char>,class std::allocator<char> >)" (?read_predict_feature_vector@?$data_handler@M@@QEAAXV?$basic_string@DU?$char_traits@D@std@@V?$allocator@D@2@@std@@@Z) referenced in function main
Source.obj : error LNK2019: unresolved external symbol "public: void __cdecl data_handler<float>::read_predict_feature_labels(class std::basic_string<char,struct std::char_traits<char>,class std::allocator<char> >)" (?read_predict_feature_labels@?$data_handler@M@@QEAAXV?$basic_string@DU?$char_traits@D@std@@V?$allocator@D@2@@std@@@Z) referenced in function main
Source.obj : error LNK2019: unresolved external symbol "public: void __cdecl data_handler<float>::split_data(void)" (?split_data@?$data_handler@M@@QEAAXXZ) referenced in function main
Source.obj : error LNK2019: unresolved external symbol "public: void __cdecl data_handler<float>::count_classes(void)" (?count_classes@?$data_handler@M@@QEAAXXZ) referenced in function main
Source.obj : error LNK2019: unresolved external symbol "public: void __cdecl data_handler<float>::normalize(void)" (?normalize@?$data_handler@M@@QEAAXXZ) referenced in function main
Source.obj : error LNK2019: unresolved external symbol "public: class std::vector<class data<float> *,class std::allocator<class data<float> *> > * __cdecl data_handler<float>::get_training_data(void)" (?get_training_data@?$data_handler@M@@QEAAPEAV?$vector@PEAV?$data@M@@V?$allocator@PEAV?$data@M@@@std@@@std@@XZ) referenced in function "int __cdecl mainKNN<float>(class data_handler<float> *)" (??$mainKNN@M@@YAHPEAV?$data_handler@M@@@Z)
Source.obj : error LNK2019: unresolved external symbol "public: class std::vector<class data<float> *,class std::allocator<class data<float> *> > * __cdecl data_handler<float>::get_test_data(void)" (?get_test_data@?$data_handler@M@@QEAAPEAV?$vector@PEAV?$data@M@@V?$allocator@PEAV?$data@M@@@std@@@std@@XZ) referenced in function "int __cdecl mainKNN<float>(class data_handler<float> *)" (??$mainKNN@M@@YAHPEAV?$data_handler@M@@@Z)
Source.obj : error LNK2019: unresolved external symbol "public: class std::vector<class data<float> *,class std::allocator<class data<float> *> > * __cdecl data_handler<float>::get_validation_data(void)" (?get_validation_data@?$data_handler@M@@QEAAPEAV?$vector@PEAV?$data@M@@V?$allocator@PEAV?$data@M@@@std@@@std@@XZ) referenced in function "int __cdecl mainKNN<float>(class data_handler<float> *)" (??$mainKNN@M@@YAHPEAV?$data_handler@M@@@Z)
Source.obj : error LNK2019: unresolved external symbol "public: void __cdecl common_data<float>::set_training_Data(class std::vector<class data<float> *,class std::allocator<class data<float> *> > *)" (?set_training_Data@?$common_data@M@@QEAAXPEAV?$vector@PEAV?$data@M@@V?$allocator@PEAV?$data@M@@@std@@@std@@@Z) referenced in function "int __cdecl mainKNN<float>(class data_handler<float> *)" (??$mainKNN@M@@YAHPEAV?$data_handler@M@@@Z)
Source.obj : error LNK2019: unresolved external symbol "public: void __cdecl common_data<float>::set_test_Data(class std::vector<class data<float> *,class std::allocator<class data<float> *> > *)" (?set_test_Data@?$common_data@M@@QEAAXPEAV?$vector@PEAV?$data@M@@V?$allocator@PEAV?$data@M@@@std@@@std@@@Z) referenced in function "int __cdecl mainKNN<float>(class data_handler<float> *)" (??$mainKNN@M@@YAHPEAV?$data_handler@M@@@Z)
Source.obj : error LNK2019: unresolved external symbol "public: void __cdecl common_data<float>::set_validation_Data(class std::vector<class data<float> *,class std::allocator<class data<float> *> > *)" (?set_validation_Data@?$common_data@M@@QEAAXPEAV?$vector@PEAV?$data@M@@V?$allocator@PEAV?$data@M@@@std@@@std@@@Z) referenced in function "int __cdecl mainKNN<float>(class data_handler<float> *)" (??$mainKNN@M@@YAHPEAV?$data_handler@M@@@Z)
Source.obj : error LNK2019: unresolved external symbol "public: __cdecl knn<float>::knn<float>(void)" (??0?$knn@M@@QEAA@XZ) referenced in function "int __cdecl mainKNN<float>(class data_handler<float> *)" (??$mainKNN@M@@YAHPEAV?$data_handler@M@@@Z)
Source.obj : error LNK2019: unresolved external symbol "public: void __cdecl knn<float>::set_k(int)" (?set_k@?$knn@M@@QEAAXH@Z) referenced in function "int __cdecl mainKNN<float>(class data_handler<float> *)" (??$mainKNN@M@@YAHPEAV?$data_handler@M@@@Z)
Source.obj : error LNK2019: unresolved external symbol "public: float __cdecl knn<float>::validate_performance(void)" (?validate_performance@?$knn@M@@QEAAMXZ) referenced in function "int __cdecl mainKNN<float>(class data_handler<float> *)" (??$mainKNN@M@@YAHPEAV?$data_handler@M@@@Z)
Source.obj : error LNK2019: unresolved external symbol "public: float __cdecl knn<float>::test_performance(void)" (?test_performance@?$knn@M@@QEAAMXZ) referenced in function "int __cdecl mainKNN<float>(class data_handler<float> *)" (??$mainKNN@M@@YAHPEAV?$data_handler@M@@@Z)
Source.obj : error LNK2019: unresolved external symbol "public: int __cdecl knn<float>::real_predict(void)" (?real_predict@?$knn@M@@QEAAHXZ) referenced in function "int __cdecl mainKNN_Predict<float>(class data_handler<float> *)" (??$mainKNN_Predict@M@@YAHPEAV?$data_handler@M@@@Z)
C:\Users\stein\Desktop\Research Project 2020\Neural Networks\ClassifyFrequencyArray\x64\Debug\ClassifyFrequencyArray.exe : fatal error LNK1120: 19 unresolved externals
