  CreateDataSet.cpp
c:\users\stein\desktop\research project 2020\neural networks\classifyfrequencyarray\createdataset\createdataset.cpp(239): warning C4267: 'initializing': conversion from 'size_t' to 'int', possible loss of data
c:\users\stein\desktop\research project 2020\neural networks\classifyfrequencyarray\createdataset\createdataset.cpp(264): warning C4267: '+=': conversion from 'size_t' to 'int', possible loss of data
c:\users\stein\desktop\research project 2020\neural networks\classifyfrequencyarray\createdataset\createdataset.cpp(214): warning C4101: 'existing_labels': unreferenced local variable
c:\users\stein\desktop\research project 2020\neural networks\classifyfrequencyarray\createdataset\createdataset.cpp(384): warning C4838: conversion from 'uint8_t' to 'char' requires a narrowing conversion
c:\users\stein\desktop\research project 2020\neural networks\classifyfrequencyarray\createdataset\createdataset.cpp(432): warning C4018: '<': signed/unsigned mismatch
c:\users\stein\desktop\research project 2020\neural networks\classifyfrequencyarray\createdataset\createdataset.cpp(438): warning C4018: '<': signed/unsigned mismatch
c:\users\stein\desktop\research project 2020\neural networks\classifyfrequencyarray\createdataset\createdataset.cpp(439): warning C4244: '=': conversion from '_Ty' to 'char', possible loss of data
          with
          [
              _Ty=double
          ]
c:\users\stein\desktop\research project 2020\neural networks\classifyfrequencyarray\createdataset\createdataset.cpp(547): warning C4018: '<': signed/unsigned mismatch
c:\users\stein\desktop\research project 2020\neural networks\classifyfrequencyarray\createdataset\createdataset.cpp(553): warning C4018: '<': signed/unsigned mismatch
c:\users\stein\desktop\research project 2020\neural networks\classifyfrequencyarray\createdataset\createdataset.cpp(554): warning C4244: '=': conversion from '_Ty' to 'char', possible loss of data
          with
          [
              _Ty=double
          ]
  CreateDataSet.vcxproj -> C:\Users\stein\Desktop\Research Project 2020\Neural Networks\ClassifyFrequencyArray\x64\Debug\CreateDataSet.exe
