  Source.cpp
c:\users\stein\desktop\research project 2020\neural networks\classifyfrequencyarray\classifyfrequencyarray\graphic.h(1): warning C4067: unexpected tokens following preprocessor directive - expected a newline
c:\users\stein\desktop\research project 2020\neural networks\classifyfrequencyarray\classifyfrequencyarray\kmeans.h(33): warning C4267: 'initializing': conversion from 'size_t' to 'int', possible loss of data
c:\users\stein\desktop\research project 2020\neural networks\classifyfrequencyarray\classifyfrequencyarray\source.cpp(91): warning C4267: 'initializing': conversion from 'size_t' to 'uint32_t', possible loss of data
c:\users\stein\desktop\research project 2020\neural networks\classifyfrequencyarray\classifyfrequencyarray\source.cpp(113): warning C4018: '<': signed/unsigned mismatch
  data_handler.cpp
c:\users\stein\desktop\research project 2020\neural networks\classifyfrequencyarray\classifyfrequencyarray\graphic.h(1): warning C4067: unexpected tokens following preprocessor directive - expected a newline
c:\users\stein\desktop\research project 2020\neural networks\classifyfrequencyarray\classifyfrequencyarray\data_handler.cpp(55): warning C4267: '=': conversion from 'size_t' to 'int', possible loss of data
c:\users\stein\desktop\research project 2020\neural networks\classifyfrequencyarray\classifyfrequencyarray\data_handler.cpp(73): warning C4018: '<': signed/unsigned mismatch
c:\users\stein\desktop\research project 2020\neural networks\classifyfrequencyarray\classifyfrequencyarray\data_handler.cpp(79): warning C4018: '<': signed/unsigned mismatch
c:\users\stein\desktop\research project 2020\neural networks\classifyfrequencyarray\classifyfrequencyarray\data_handler.cpp(108): warning C4477: 'printf' : format string '%lu' requires an argument of type 'unsigned long', but variadic argument 1 has type 'unsigned __int64'
  c:\users\stein\desktop\research project 2020\neural networks\classifyfrequencyarray\classifyfrequencyarray\data_handler.cpp(108): note: consider using '%zu' in the format string
c:\users\stein\desktop\research project 2020\neural networks\classifyfrequencyarray\classifyfrequencyarray\data_handler.cpp(128): warning C4018: '<': signed/unsigned mismatch
c:\users\stein\desktop\research project 2020\neural networks\classifyfrequencyarray\classifyfrequencyarray\data_handler.cpp(148): warning C4267: '=': conversion from 'size_t' to 'int', possible loss of data
c:\users\stein\desktop\research project 2020\neural networks\classifyfrequencyarray\classifyfrequencyarray\data_handler.cpp(164): warning C4018: '<': signed/unsigned mismatch
c:\users\stein\desktop\research project 2020\neural networks\classifyfrequencyarray\classifyfrequencyarray\data_handler.cpp(170): warning C4018: '<': signed/unsigned mismatch
c:\users\stein\desktop\research project 2020\neural networks\classifyfrequencyarray\classifyfrequencyarray\data_handler.cpp(200): warning C4267: '=': conversion from 'size_t' to 'int', possible loss of data
c:\users\stein\desktop\research project 2020\neural networks\classifyfrequencyarray\classifyfrequencyarray\data_handler.cpp(222): warning C4018: '<': signed/unsigned mismatch
c:\users\stein\desktop\research project 2020\neural networks\classifyfrequencyarray\classifyfrequencyarray\data_handler.cpp(255): warning C4267: 'argument': conversion from 'size_t' to 'int', possible loss of data
c:\users\stein\desktop\research project 2020\neural networks\classifyfrequencyarray\classifyfrequencyarray\data_handler.cpp(268): warning C4267: 'argument': conversion from 'size_t' to 'int', possible loss of data
c:\users\stein\desktop\research project 2020\neural networks\classifyfrequencyarray\classifyfrequencyarray\data_handler.cpp(285): warning C4244: 'initializing': conversion from 'double' to 'int', possible loss of data
c:\users\stein\desktop\research project 2020\neural networks\classifyfrequencyarray\classifyfrequencyarray\data_handler.cpp(286): warning C4244: 'initializing': conversion from 'double' to 'int', possible loss of data
c:\users\stein\desktop\research project 2020\neural networks\classifyfrequencyarray\classifyfrequencyarray\data_handler.cpp(287): warning C4244: 'initializing': conversion from 'double' to 'int', possible loss of data
c:\users\stein\desktop\research project 2020\neural networks\classifyfrequencyarray\classifyfrequencyarray\data_handler.cpp(292): warning C4018: '<': signed/unsigned mismatch
c:\users\stein\desktop\research project 2020\neural networks\classifyfrequencyarray\classifyfrequencyarray\data_handler.cpp(306): warning C4018: '<': signed/unsigned mismatch
c:\users\stein\desktop\research project 2020\neural networks\classifyfrequencyarray\classifyfrequencyarray\data_handler.cpp(320): warning C4018: '<': signed/unsigned mismatch
c:\users\stein\desktop\research project 2020\neural networks\classifyfrequencyarray\classifyfrequencyarray\data_handler.cpp(334): warning C4018: '<': signed/unsigned mismatch
c:\users\stein\desktop\research project 2020\neural networks\classifyfrequencyarray\classifyfrequencyarray\data_handler.cpp(345): warning C4018: '<': signed/unsigned mismatch
c:\users\stein\desktop\research project 2020\neural networks\classifyfrequencyarray\classifyfrequencyarray\data_handler.cpp(356): warning C4477: 'printf' : format string '%lu' requires an argument of type 'unsigned long', but variadic argument 1 has type 'unsigned __int64'
  c:\users\stein\desktop\research project 2020\neural networks\classifyfrequencyarray\classifyfrequencyarray\data_handler.cpp(356): note: consider using '%zu' in the format string
c:\users\stein\desktop\research project 2020\neural networks\classifyfrequencyarray\classifyfrequencyarray\data_handler.cpp(357): warning C4477: 'printf' : format string '%lu' requires an argument of type 'unsigned long', but variadic argument 1 has type 'unsigned __int64'
  c:\users\stein\desktop\research project 2020\neural networks\classifyfrequencyarray\classifyfrequencyarray\data_handler.cpp(357): note: consider using '%zu' in the format string
c:\users\stein\desktop\research project 2020\neural networks\classifyfrequencyarray\classifyfrequencyarray\data_handler.cpp(358): warning C4477: 'printf' : format string '%lu' requires an argument of type 'unsigned long', but variadic argument 1 has type 'unsigned __int64'
  c:\users\stein\desktop\research project 2020\neural networks\classifyfrequencyarray\classifyfrequencyarray\data_handler.cpp(358): note: consider using '%zu' in the format string
c:\users\stein\desktop\research project 2020\neural networks\classifyfrequencyarray\classifyfrequencyarray\data_handler.cpp(363): warning C4018: '<': signed/unsigned mismatch
c:\users\stein\desktop\research project 2020\neural networks\classifyfrequencyarray\classifyfrequencyarray\data_handler.cpp(374): warning C4018: '<': signed/unsigned mismatch
c:\users\stein\desktop\research project 2020\neural networks\classifyfrequencyarray\classifyfrequencyarray\data_handler.cpp(384): warning C4477: 'printf' : format string '%lu' requires an argument of type 'unsigned long', but variadic argument 1 has type 'unsigned __int64'
  c:\users\stein\desktop\research project 2020\neural networks\classifyfrequencyarray\classifyfrequencyarray\data_handler.cpp(384): note: consider using '%zu' in the format string
c:\users\stein\desktop\research project 2020\neural networks\classifyfrequencyarray\classifyfrequencyarray\data_handler.cpp(385): warning C4477: 'printf' : format string '%lu' requires an argument of type 'unsigned long', but variadic argument 1 has type 'unsigned __int64'
  c:\users\stein\desktop\research project 2020\neural networks\classifyfrequencyarray\classifyfrequencyarray\data_handler.cpp(385): note: consider using '%zu' in the format string
c:\users\stein\desktop\research project 2020\neural networks\classifyfrequencyarray\classifyfrequencyarray\data_handler.cpp(386): warning C4477: 'printf' : format string '%lu' requires an argument of type 'unsigned long', but variadic argument 1 has type 'unsigned __int64'
  c:\users\stein\desktop\research project 2020\neural networks\classifyfrequencyarray\classifyfrequencyarray\data_handler.cpp(386): note: consider using '%zu' in the format string
  Generating Code...
  ClassifyFrequencyArray.vcxproj -> C:\Users\stein\Desktop\Research Project 2020\Neural Networks\ClassifyFrequencyArray\x64\Debug\ClassifyFrequencyArray.exe
